# JRE version: OpenJDK Runtime Environment (17.0.6) (build 17.0.6+0-b2043.56-10027231)
# Java VM: OpenJDK 64-Bit Server VM (17.0.6+0-b2043.56-10027231, mixed mode, tiered, compressed oops, compressed class ptrs, g1 gc, windows-amd64)
GC Precious Log:
 CPUs: 8 total, 8 available
 Memory: 16263M
 Large Page Support: Disabled
 NUMA Support: Disabled
 Compressed Oops: Enabled (Zero based)
 Heap Region Size: 2M
 Heap Min Capacity: 8M
 Heap Initial Capacity: 256M
 Heap Max Capacity: 4066M
 Pre-touch: Disabled
 Parallel Workers: 8
 Concurrent Workers: 2
 Concurrent Refinement Workers: 8
 Periodic GC: Disabled
Heap:
 garbage-first heap   total 262144K, used 133275K [0x0000000701e00000, 0x0000000800000000)
  region size 2048K, 3 young (6144K), 3 survivors (6144K)
 Metaspace       used 95528K, committed 95936K, reserved 1138688K
  class space    used 10188K, committed 10368K, reserved 1048576K
GC Heap History (20 events):
Event: 12.092 GC heap after
{Heap after GC invocations=20 (full 0):
 garbage-first heap   total 204800K, used 85179K [0x0000000701e00000, 0x0000000800000000)
  region size 2048K, 4 young (8192K), 4 survivors (8192K)
 Metaspace       used 68422K, committed 68736K, reserved 1114112K
  class space    used 7712K, committed 7872K, reserved 1048576K
}
Event: 13.792 GC heap before
{Heap before GC invocations=20 (full 0):
 garbage-first heap   total 204800K, used 156859K [0x0000000701e00000, 0x0000000800000000)
  region size 2048K, 39 young (79872K), 4 survivors (8192K)
 Metaspace       used 69012K, committed 69312K, reserved 1114112K
  class space    used 7743K, committed 7872K, reserved 1048576K
}
Event: 13.808 GC heap after
{Heap after GC invocations=21 (full 0):
 garbage-first heap   total 204800K, used 90986K [0x0000000701e00000, 0x0000000800000000)
  region size 2048K, 3 young (6144K), 3 survivors (6144K)
 Metaspace       used 69012K, committed 69312K, reserved 1114112K
  class space    used 7743K, committed 7872K, reserved 1048576K
}
Event: 14.987 GC heap before
{Heap before GC invocations=21 (full 0):
 garbage-first heap   total 204800K, used 160618K [0x0000000701e00000, 0x0000000800000000)
  region size 2048K, 37 young (75776K), 3 survivors (6144K)
 Metaspace       used 75813K, committed 76224K, reserved 1122304K
  class space    used 8415K, committed 8576K, reserved 1048576K
}
Event: 15.001 GC heap after
{Heap after GC invocations=22 (full 0):
 garbage-first heap   total 204800K, used 96741K [0x0000000701e00000, 0x0000000800000000)
  region size 2048K, 3 young (6144K), 3 survivors (6144K)
 Metaspace       used 75813K, committed 76224K, reserved 1122304K
  class space    used 8415K, committed 8576K, reserved 1048576K
}
Event: 16.060 GC heap before
{Heap before GC invocations=22 (full 0):
 garbage-first heap   total 204800K, used 162277K [0x0000000701e00000, 0x0000000800000000)
  region size 2048K, 35 young (71680K), 3 survivors (6144K)
 Metaspace       used 78766K, committed 79104K, reserved 1122304K
  class space    used 8734K, committed 8896K, reserved 1048576K
}
Event: 16.082 GC heap after
{Heap after GC invocations=23 (full 0):
 garbage-first heap   total 204800K, used 109130K [0x0000000701e00000, 0x0000000800000000)
  region size 2048K, 5 young (10240K), 5 survivors (10240K)
 Metaspace       used 78766K, committed 79104K, reserved 1122304K
  class space    used 8734K, committed 8896K, reserved 1048576K
}
Event: 16.650 GC heap before
{Heap before GC invocations=23 (full 0):
 garbage-first heap   total 204800K, used 160330K [0x0000000701e00000, 0x0000000800000000)
  region size 2048K, 30 young (61440K), 5 survivors (10240K)
 Metaspace       used 79381K, committed 79680K, reserved 1122304K
  class space    used 8762K, committed 8896K, reserved 1048576K
}
Event: 16.682 GC heap after
{Heap after GC invocations=24 (full 0):
 garbage-first heap   total 245760K, used 126976K [0x0000000701e00000, 0x0000000800000000)
  region size 2048K, 4 young (8192K), 4 survivors (8192K)
 Metaspace       used 79381K, committed 79680K, reserved 1122304K
  class space    used 8762K, committed 8896K, reserved 1048576K
}
Event: 17.562 GC heap before
{Heap before GC invocations=25 (full 0):
 garbage-first heap   total 245760K, used 184320K [0x0000000701e00000, 0x0000000800000000)
  region size 2048K, 32 young (65536K), 4 survivors (8192K)
 Metaspace       used 86597K, committed 86976K, reserved 1130496K
  class space    used 9574K, committed 9728K, reserved 1048576K
}
Event: 17.572 GC heap after
{Heap after GC invocations=26 (full 0):
 garbage-first heap   total 245760K, used 131701K [0x0000000701e00000, 0x0000000800000000)
  region size 2048K, 2 young (4096K), 2 survivors (4096K)
 Metaspace       used 86597K, committed 86976K, reserved 1130496K
  class space    used 9574K, committed 9728K, reserved 1048576K
}
Event: 17.742 GC heap before
{Heap before GC invocations=26 (full 0):
 garbage-first heap   total 245760K, used 137845K [0x0000000701e00000, 0x0000000800000000)
  region size 2048K, 6 young (12288K), 2 survivors (4096K)
 Metaspace       used 87627K, committed 88064K, reserved 1130496K
  class space    used 9672K, committed 9856K, reserved 1048576K
}
Event: 17.752 GC heap after
{Heap after GC invocations=27 (full 0):
 garbage-first heap   total 245760K, used 131387K [0x0000000701e00000, 0x0000000800000000)
  region size 2048K, 1 young (2048K), 1 survivors (2048K)
 Metaspace       used 87627K, committed 88064K, reserved 1130496K
  class space    used 9672K, committed 9856K, reserved 1048576K
}
Event: 18.429 GC heap before
{Heap before GC invocations=27 (full 0):
 garbage-first heap   total 245760K, used 188731K [0x0000000701e00000, 0x0000000800000000)
  region size 2048K, 29 young (59392K), 1 survivors (2048K)
 Metaspace       used 89357K, committed 89792K, reserved 1130496K
  class space    used 9781K, committed 9984K, reserved 1048576K
}
Event: 18.435 GC heap after
{Heap after GC invocations=28 (full 0):
 garbage-first heap   total 245760K, used 134691K [0x0000000701e00000, 0x0000000800000000)
  region size 2048K, 3 young (6144K), 3 survivors (6144K)
 Metaspace       used 89357K, committed 89792K, reserved 1130496K
  class space    used 9781K, committed 9984K, reserved 1048576K
}
Event: 19.212 GC heap before
{Heap before GC invocations=29 (full 0):
 garbage-first heap   total 249856K, used 189987K [0x0000000701e00000, 0x0000000800000000)
  region size 2048K, 31 young (63488K), 3 survivors (6144K)
 Metaspace       used 90412K, committed 90816K, reserved 1130496K
  class space    used 9822K, committed 9984K, reserved 1048576K
}
Event: 19.221 GC heap after
{Heap after GC invocations=30 (full 0):
 garbage-first heap   total 249856K, used 135352K [0x0000000701e00000, 0x0000000800000000)
  region size 2048K, 4 young (8192K), 4 survivors (8192K)
 Metaspace       used 90412K, committed 90816K, reserved 1130496K
  class space    used 9822K, committed 9984K, reserved 1048576K
}
Event: 19.274 GC heap before
{Heap before GC invocations=30 (full 0):
 garbage-first heap   total 249856K, used 139448K [0x0000000701e00000, 0x0000000800000000)
  region size 2048K, 6 young (12288K), 4 survivors (8192K)
 Metaspace       used 90829K, committed 91200K, reserved 1138688K
  class space    used 9865K, committed 10048K, reserved 1048576K
}
Event: 19.286 GC heap after
{Heap after GC invocations=31 (full 0):
 garbage-first heap   total 249856K, used 129900K [0x0000000701e00000, 0x0000000800000000)
  region size 2048K, 1 young (2048K), 1 survivors (2048K)
 Metaspace       used 90829K, committed 91200K, reserved 1138688K
  class space    used 9865K, committed 10048K, reserved 1048576K
}
Event: 20.526 GC heap before
{Heap before GC invocations=31 (full 0):
 garbage-first heap   total 249856K, used 197484K [0x0000000701e00000, 0x0000000800000000)
  region size 2048K, 34 young (69632K), 1 survivors (2048K)
 Metaspace       used 95528K, committed 95936K, reserved 1138688K
  class space    used 10188K, committed 10368K, reserved 1048576K
}

